<?xml version="1.0" encoding="UTF-8"?>
<!-- Generated by org.testng.reporters.JUnitXMLReporter -->
<testsuite ignored="0" hostname="Mayur" failures="0" tests="5" name="Default test" time="137.48" errors="0" timestamp="2023-01-10T13:44:21 IST">
  <testcase classname="ProgramMethod.ParallelExecutionProg" name="Test1" time="15.984"/>
  <testcase classname="ProgramMethod.ParallelExecutionProg" name="Test2" time="28.535"/>
  <testcase classname="ProgramMethod.ParallelExecutionProg" name="Test3" time="16.603"/>
  <testcase classname="ProgramMethod.ParallelExecutionProg" name="Test4" time="61.551"/>
  <testcase classname="ProgramMethod.ParallelExecutionProg" name="Test5" time="14.73"/>
</testsuite> <!-- Default test -->
