<?xml version="1.0" encoding="UTF-8"?>
<!-- Generated by org.testng.reporters.JUnitXMLReporter -->
<testsuite ignored="0" hostname="Mayur" failures="0" tests="5" name="Test" time="73.407" errors="0" timestamp="2023-01-10T13:51:42 IST">
  <testcase classname="ProgramMethod.ParallelTestingProg" name="Test3" time="34.857"/>
  <testcase classname="ProgramMethod.ParallelTestingProg" name="Test1" time="36.286"/>
  <testcase classname="ProgramMethod.ParallelTestingProg" name="Test5" time="37.593"/>
  <testcase classname="ProgramMethod.ParallelTestingProg" name="Test2" time="37.613"/>
  <testcase classname="ProgramMethod.ParallelTestingProg" name="Test4" time="73.329"/>
</testsuite> <!-- Test -->
