<?xml version="1.0" encoding="UTF-8"?>
<testng-results ignored="0" total="5" passed="5" failed="0" skipped="0">
  <reporter-output>
  </reporter-output>
  <suite started-at="2023-01-10T13:50:29 IST" name="Suite" finished-at="2023-01-10T13:51:42 IST" duration-ms="73407">
    <groups>
    </groups>
    <test started-at="2023-01-10T13:50:29 IST" name="Test" finished-at="2023-01-10T13:51:42 IST" duration-ms="73407">
      <class name="ProgramMethod.ParallelTestingProg">
        <test-method signature="Test3()[pri:0, instance:ProgramMethod.ParallelTestingProg@44821a96]" started-at="2023-01-10T13:50:29 IST" name="Test3" finished-at="2023-01-10T13:51:04 IST" duration-ms="34857" status="PASS">
          <reporter-output>
          </reporter-output>
        </test-method> <!-- Test3 -->
        <test-method signature="Test4()[pri:0, instance:ProgramMethod.ParallelTestingProg@44821a96]" started-at="2023-01-10T13:50:29 IST" name="Test4" finished-at="2023-01-10T13:51:42 IST" duration-ms="73329" status="PASS">
          <reporter-output>
          </reporter-output>
        </test-method> <!-- Test4 -->
        <test-method signature="Test1()[pri:0, instance:ProgramMethod.ParallelTestingProg@44821a96]" started-at="2023-01-10T13:50:29 IST" name="Test1" finished-at="2023-01-10T13:51:05 IST" duration-ms="36286" status="PASS">
          <reporter-output>
          </reporter-output>
        </test-method> <!-- Test1 -->
        <test-method signature="Test5()[pri:0, instance:ProgramMethod.ParallelTestingProg@44821a96]" started-at="2023-01-10T13:50:29 IST" name="Test5" finished-at="2023-01-10T13:51:07 IST" duration-ms="37593" status="PASS">
          <reporter-output>
          </reporter-output>
        </test-method> <!-- Test5 -->
        <test-method signature="Test2()[pri:0, instance:ProgramMethod.ParallelTestingProg@44821a96]" started-at="2023-01-10T13:50:29 IST" name="Test2" finished-at="2023-01-10T13:51:07 IST" duration-ms="37613" status="PASS">
          <reporter-output>
          </reporter-output>
        </test-method> <!-- Test2 -->
      </class> <!-- ProgramMethod.ParallelTestingProg -->
    </test> <!-- Test -->
  </suite> <!-- Suite -->
</testng-results>
